# JRE version: Java(TM) SE Runtime Environment (8.0_261-b12) (build 1.8.0_261-b12)
# Java VM: Java HotSpot(TM) 64-Bit Server VM (25.261-b12 mixed mode windows-amd64 compressed oops)
Heap:
 PSYoungGen      total 56832K, used 20544K [0x0000000780d80000, 0x0000000784c80000, 0x00000007c0000000)
  eden space 49152K, 26% used [0x0000000780d80000,0x0000000781a17420,0x0000000783d80000)
  from space 7680K, 99% used [0x0000000784500000,0x0000000784c78dd0,0x0000000784c80000)
  to   space 7680K, 0% used [0x0000000783d80000,0x0000000783d80000,0x0000000784500000)
 ParOldGen       total 130048K, used 2017K [0x0000000702800000, 0x000000070a700000, 0x0000000780d80000)
  object space 130048K, 1% used [0x0000000702800000,0x00000007029f8540,0x000000070a700000)
 Metaspace       used 15495K, capacity 15744K, committed 16128K, reserved 1062912K
  class space    used 1866K, capacity 1972K, committed 2048K, reserved 1048576K
GC Heap History (4 events):
Event: 0.647 GC heap before
{Heap before GC invocations=1 (full 0):
 PSYoungGen      total 56832K, used 49152K [0x0000000780d80000, 0x0000000784c80000, 0x00000007c0000000)
  eden space 49152K, 100% used [0x0000000780d80000,0x0000000783d80000,0x0000000783d80000)
  from space 7680K, 0% used [0x0000000784500000,0x0000000784500000,0x0000000784c80000)
  to   space 7680K, 0% used [0x0000000783d80000,0x0000000783d80000,0x0000000784500000)
 ParOldGen       total 130048K, used 0K [0x0000000702800000, 0x000000070a700000, 0x0000000780d80000)
  object space 130048K, 0% used [0x0000000702800000,0x0000000702800000,0x000000070a700000)
 Metaspace       used 9769K, capacity 9876K, committed 9984K, reserved 1058816K
  class space    used 1184K, capacity 1248K, committed 1280K, reserved 1048576K
Event: 0.653 GC heap after
Heap after GC invocations=1 (full 0):
 PSYoungGen      total 56832K, used 7676K [0x0000000780d80000, 0x0000000784c80000, 0x00000007c0000000)
  eden space 49152K, 0% used [0x0000000780d80000,0x0000000780d80000,0x0000000783d80000)
  from space 7680K, 99% used [0x0000000783d80000,0x00000007844ff1f0,0x0000000784500000)
  to   space 7680K, 0% used [0x0000000784500000,0x0000000784500000,0x0000000784c80000)
 ParOldGen       total 130048K, used 73K [0x0000000702800000, 0x000000070a700000, 0x0000000780d80000)
  object space 130048K, 0% used [0x0000000702800000,0x00000007028124a0,0x000000070a700000)
 Metaspace       used 9769K, capacity 9876K, committed 9984K, reserved 1058816K
  class space    used 1184K, capacity 1248K, committed 1280K, reserved 1048576K
}
Event: 1.335 GC heap before
{Heap before GC invocations=2 (full 0):
 PSYoungGen      total 56832K, used 56828K [0x0000000780d80000, 0x0000000784c80000, 0x00000007c0000000)
  eden space 49152K, 100% used [0x0000000780d80000,0x0000000783d80000,0x0000000783d80000)
  from space 7680K, 99% used [0x0000000783d80000,0x00000007844ff1f0,0x0000000784500000)
  to   space 7680K, 0% used [0x0000000784500000,0x0000000784500000,0x0000000784c80000)
 ParOldGen       total 130048K, used 73K [0x0000000702800000, 0x000000070a700000, 0x0000000780d80000)
  object space 130048K, 0% used [0x0000000702800000,0x00000007028124a0,0x000000070a700000)
 Metaspace       used 15205K, capacity 15450K, committed 15872K, reserved 1062912K
  class space    used 1847K, capacity 1939K, committed 2048K, reserved 1048576K
Event: 1.345 GC heap after
Heap after GC invocations=2 (full 0):
 PSYoungGen      total 56832K, used 7651K [0x0000000780d80000, 0x0000000784c80000, 0x00000007c0000000)
  eden space 49152K, 0% used [0x0000000780d80000,0x0000000780d80000,0x0000000783d80000)
  from space 7680K, 99% used [0x0000000784500000,0x0000000784c78dd0,0x0000000784c80000)
  to   space 7680K, 0% used [0x0000000783d80000,0x0000000783d80000,0x0000000784500000)
 ParOldGen       total 130048K, used 2017K [0x0000000702800000, 0x000000070a700000, 0x0000000780d80000)
  object space 130048K, 1% used [0x0000000702800000,0x00000007029f8540,0x000000070a700000)
 Metaspace       used 15205K, capacity 15450K, committed 15872K, reserved 1062912K
  class space    used 1847K, capacity 1939K, committed 2048K, reserved 1048576K
}

